[   83226ms] ReferenceError: useCallback is not defined
    at SpaceSwitcher (http://localhost:3002/_next/static/chunks/frontend_src_a50c9d4e._.js?id=%255Bproject%255D%252Ffrontend%252Fsrc%252Fcomponents%252FSpaceSwitcher%252FSpaceSwitcher.tsx+%255Bapp-client%255D+%2528ecmascript%2529:31:26)
    at Object.react_stack_bottom_frame (http://localhost:3002/_next/static/chunks/9e883_next_dist_compiled_react-dom_33d456f8._.js:14826:24)
    at renderWithHooks (http://localhost:3002/_next/static/chunks/9e883_next_dist_compiled_react-dom_33d456f8._.js:4651:24)
    at updateFunctionComponent (http://localhost:3002/_next/static/chunks/9e883_next_dist_compiled_react-dom_33d456f8._.js:6112:21)
    at beginWork (http://localhost:3002/_next/static/chunks/9e883_next_dist_compiled_react-dom_33d456f8._.js:6708:24)
    at runWithFiberInDEV (http://localhost:3002/_next/static/chunks/9e883_next_dist_compiled_react-dom_33d456f8._.js:965:74)
    at performUnitOfWork (http://localhost:3002/_next/static/chunks/9e883_next_dist_compiled_react-dom_33d456f8._.js:9562:97)
    at workLoopSync (http://localhost:3002/_next/static/chunks/9e883_next_dist_compiled_react-dom_33d456f8._.js:9456:40)
    at renderRootSync (http://localhost:3002/_next/static/chunks/9e883_next_dist_compiled_react-dom_33d456f8._.js:9440:13)
    at performWorkOnRoot (http://localhost:3002/_next/static/chunks/9e883_next_dist_compiled_react-dom_33d456f8._.js:9105:47)
    at performSyncWorkOnRoot (http://localhost:3002/_next/static/chunks/9e883_next_dist_compiled_react-dom_33d456f8._.js:10238:9)
    at flushSyncWorkAcrossRoots_impl (http://localhost:3002/_next/static/chunks/9e883_next_dist_compiled_react-dom_33d456f8._.js:10154:316)
    at flushSyncWork$1 (http://localhost:3002/_next/static/chunks/9e883_next_dist_compiled_react-dom_33d456f8._.js:9237:86)
    at Object.scheduleRefresh (http://localhost:3002/_next/static/chunks/9e883_next_dist_compiled_react-dom_33d456f8._.js:299:13)
    at http://localhost:3002/_next/static/chunks/9e883_next_dist_compiled_8f5ebc08._.js:391:33
    at Set.forEach (<anonymous>)
    at Object.performReactRefresh (http://localhost:3002/_next/static/chunks/9e883_next_dist_compiled_8f5ebc08._.js:384:38)
    at applyUpdate (http://localhost:3002/_next/static/chunks/9e883_next_dist_compiled_8f5ebc08._.js:878:31)
    at http://localhost:3002/_next/static/chunks/9e883_next_dist_compiled_8f5ebc08._.js:886:13
[   87389ms] [WARNING] [Fast Refresh] performing full reload because your application had an unrecoverable error @ http://localhost:3002/_next/static/chunks/9e883_next_dist_e24ad472._.js:2297
[   87440ms] ReferenceError: useCallback is not defined
    at SpaceSwitcher (http://localhost:3002/_next/static/chunks/frontend_src_a50c9d4e._.js?id=%255Bproject%255D%252Ffrontend%252Fsrc%252Fcomponents%252FSpaceSwitcher%252FSpaceSwitcher.tsx+%255Bapp-client%255D+%2528ecmascript%2529:31:26)
    at Object.react_stack_bottom_frame (http://localhost:3002/_next/static/chunks/9e883_next_dist_compiled_react-dom_33d456f8._.js:14826:24)
    at renderWithHooks (http://localhost:3002/_next/static/chunks/9e883_next_dist_compiled_react-dom_33d456f8._.js:4651:24)
    at updateFunctionComponent (http://localhost:3002/_next/static/chunks/9e883_next_dist_compiled_react-dom_33d456f8._.js:6112:21)
    at beginWork (http://localhost:3002/_next/static/chunks/9e883_next_dist_compiled_react-dom_33d456f8._.js:6708:24)
    at runWithFiberInDEV (http://localhost:3002/_next/static/chunks/9e883_next_dist_compiled_react-dom_33d456f8._.js:965:74)
    at performUnitOfWork (http://localhost:3002/_next/static/chunks/9e883_next_dist_compiled_react-dom_33d456f8._.js:9562:97)
    at workLoopSync (http://localhost:3002/_next/static/chunks/9e883_next_dist_compiled_react-dom_33d456f8._.js:9456:40)
    at renderRootSync (http://localhost:3002/_next/static/chunks/9e883_next_dist_compiled_react-dom_33d456f8._.js:9440:13)
    at performWorkOnRoot (http://localhost:3002/_next/static/chunks/9e883_next_dist_compiled_react-dom_33d456f8._.js:9105:47)
    at performSyncWorkOnRoot (http://localhost:3002/_next/static/chunks/9e883_next_dist_compiled_react-dom_33d456f8._.js:10238:9)
    at flushSyncWorkAcrossRoots_impl (http://localhost:3002/_next/static/chunks/9e883_next_dist_compiled_react-dom_33d456f8._.js:10154:316)
    at flushSyncWork$1 (http://localhost:3002/_next/static/chunks/9e883_next_dist_compiled_react-dom_33d456f8._.js:9237:86)
    at Object.scheduleRefresh (http://localhost:3002/_next/static/chunks/9e883_next_dist_compiled_react-dom_33d456f8._.js:299:13)
    at http://localhost:3002/_next/static/chunks/9e883_next_dist_compiled_8f5ebc08._.js:391:33
    at Set.forEach (<anonymous>)
    at Object.performReactRefresh (http://localhost:3002/_next/static/chunks/9e883_next_dist_compiled_8f5ebc08._.js:384:38)
    at applyUpdate (http://localhost:3002/_next/static/chunks/9e883_next_dist_compiled_8f5ebc08._.js:878:31)
    at http://localhost:3002/_next/static/chunks/9e883_next_dist_compiled_8f5ebc08._.js:886:13
[   87568ms] [ERROR] Failed to load resource: the server responded with a status of 500 (Internal Server Error) @ http://localhost:3002/:0
[   87719ms] ReferenceError: useCallback is not defined
    at SpaceSwitcher (http://localhost:3002/_next/static/chunks/frontend_src_a50c9d4e._.js:206:26)
    at Object.react_stack_bottom_frame (http://localhost:3002/_next/static/chunks/9e883_next_dist_compiled_react-dom_33d456f8._.js:14826:24)
    at renderWithHooks (http://localhost:3002/_next/static/chunks/9e883_next_dist_compiled_react-dom_33d456f8._.js:4651:24)
    at updateFunctionComponent (http://localhost:3002/_next/static/chunks/9e883_next_dist_compiled_react-dom_33d456f8._.js:6112:21)
    at beginWork (http://localhost:3002/_next/static/chunks/9e883_next_dist_compiled_react-dom_33d456f8._.js:6708:24)
    at runWithFiberInDEV (http://localhost:3002/_next/static/chunks/9e883_next_dist_compiled_react-dom_33d456f8._.js:965:74)
    at performUnitOfWork (http://localhost:3002/_next/static/chunks/9e883_next_dist_compiled_react-dom_33d456f8._.js:9562:97)
    at workLoopSync (http://localhost:3002/_next/static/chunks/9e883_next_dist_compiled_react-dom_33d456f8._.js:9456:40)
    at renderRootSync (http://localhost:3002/_next/static/chunks/9e883_next_dist_compiled_react-dom_33d456f8._.js:9440:13)
    at performWorkOnRoot (http://localhost:3002/_next/static/chunks/9e883_next_dist_compiled_react-dom_33d456f8._.js:9105:47)
    at performWorkOnRootViaSchedulerTask (http://localhost:3002/_next/static/chunks/9e883_next_dist_compiled_react-dom_33d456f8._.js:10230:9)
    at MessagePort.performWorkUntilDeadline (http://localhost:3002/_next/static/chunks/9e883_next_dist_compiled_8f5ebc08._.js:2647:64)
[   90727ms] [WARNING] The resource http://localhost:3002/_next/static/chunks/%5Broot-of-the-server%5D__6b69de46._.css was preloaded using link preload but not used within a few seconds from the window's load event. Please make sure it has an appropriate `as` value and it is preloaded intentionally. @ http://localhost:3002/:0
[  104167ms] [WARNING] [Fast Refresh] performing full reload because your application had an unrecoverable error @ http://localhost:3002/_next/static/chunks/9e883_next_dist_e24ad472._.js:2297
