[     877ms] [ERROR] Access to fetch at 'http://localhost:8000/api/sources' from origin 'http://localhost:3002' has been blocked by CORS policy: Response to preflight request doesn't pass access control check: No 'Access-Control-Allow-Origin' header is present on the requested resource. @ http://localhost:3002/:0
[     877ms] [ERROR] Failed to load resource: net::ERR_FAILED @ http://localhost:8000/api/sources:0
[     889ms] TypeError: Failed to fetch
    at fetchJSON (http://localhost:3002/_next/static/chunks/frontend_src_33446fd1._.js:12:23)
    at Object.getSources (http://localhost:3002/_next/static/chunks/frontend_src_33446fd1._.js:28:21)
    at Home.useCallback[loadSources] (http://localhost:3002/_next/static/chunks/frontend_src_33446fd1._.js:2207:170)
    at Home.useEffect (http://localhost:3002/_next/static/chunks/frontend_src_33446fd1._.js:2218:13)
    at Object.react_stack_bottom_frame (http://localhost:3002/_next/static/chunks/9e883_next_dist_compiled_react-dom_33d456f8._.js:14876:22)
    at runWithFiberInDEV (http://localhost:3002/_next/static/chunks/9e883_next_dist_compiled_react-dom_33d456f8._.js:965:74)
    at commitHookEffectListMount (http://localhost:3002/_next/static/chunks/9e883_next_dist_compiled_react-dom_33d456f8._.js:7266:167)
    at commitHookPassiveMountEffects (http://localhost:3002/_next/static/chunks/9e883_next_dist_compiled_react-dom_33d456f8._.js:7301:60)
    at commitPassiveMountOnFiber (http://localhost:3002/_next/static/chunks/9e883_next_dist_compiled_react-dom_33d456f8._.js:8696:33)
    at recursivelyTraversePassiveMountEffects (http://localhost:3002/_next/static/chunks/9e883_next_dist_compiled_react-dom_33d456f8._.js:8683:316)
    at commitPassiveMountOnFiber (http://localhost:3002/_next/static/chunks/9e883_next_dist_compiled_react-dom_33d456f8._.js:8695:17)
    at recursivelyTraversePassiveMountEffects (http://localhost:3002/_next/static/chunks/9e883_next_dist_compiled_react-dom_33d456f8._.js:8683:316)
    at commitPassiveMountOnFiber (http://localhost:3002/_next/static/chunks/9e883_next_dist_compiled_react-dom_33d456f8._.js:8695:17)
    at recursivelyTraversePassiveMountEffects (http://localhost:3002/_next/static/chunks/9e883_next_dist_compiled_react-dom_33d456f8._.js:8683:316)
    at commitPassiveMountOnFiber (http://localhost:3002/_next/static/chunks/9e883_next_dist_compiled_react-dom_33d456f8._.js:8757:17)
    at recursivelyTraversePassiveMountEffects (http://localhost:3002/_next/static/chunks/9e883_next_dist_compiled_react-dom_33d456f8._.js:8683:316)
    at commitPassiveMountOnFiber (http://localhost:3002/_next/static/chunks/9e883_next_dist_compiled_react-dom_33d456f8._.js:8757:17)
    at recursivelyTraversePassiveMountEffects (http://localhost:3002/_next/static/chunks/9e883_next_dist_compiled_react-dom_33d456f8._.js:8683:316)
    at commitPassiveMountOnFiber (http://localhost:3002/_next/static/chunks/9e883_next_dist_compiled_react-dom_33d456f8._.js:8695:17)
    at recursivelyTraversePassiveMountEffects (http://localhost:3002/_next/static/chunks/9e883_next_dist_compiled_react-dom_33d456f8._.js:8683:316)
    at commitPassiveMountOnFiber (http://localhost:3002/_next/static/chunks/9e883_next_dist_compiled_react-dom_33d456f8._.js:8700:17)
    at recursivelyTraversePassiveMountEffects (http://localhost:3002/_next/static/chunks/9e883_next_dist_compiled_react-dom_33d456f8._.js:8683:316)
    at commitPassiveMountOnFiber (http://localhost:3002/_next/static/chunks/9e883_next_dist_compiled_react-dom_33d456f8._.js:8695:17)
    at recursivelyTraversePassiveMountEffects (http://localhost:3002/_next/static/chunks/9e883_next_dist_compiled_react-dom_33d456f8._.js:8683:316)
    at commitPassiveMountOnFiber (http://localhost:3002/_next/static/chunks/9e883_next_dist_compiled_react-dom_33d456f8._.js:8700:17)
    at recursivelyTraversePassiveMountEffects (http://localhost:3002/_next/static/chunks/9e883_next_dist_compiled_react-dom_33d456f8._.js:8683:316)
    at commitPassiveMountOnFiber (http://localhost:3002/_next/static/chunks/9e883_next_dist_compiled_react-dom_33d456f8._.js:8695:17)
    at recursivelyTraversePassiveMountEffects (http://localhost:3002/_next/static/chunks/9e883_next_dist_compiled_react-dom_33d456f8._.js:8683:316)
    at commitPassiveMountOnFiber (http://localhost:3002/_next/static/chunks/9e883_next_dist_compiled_react-dom_33d456f8._.js:8695:17)
    at recursivelyTraversePassiveMountEffects (http://localhost:3002/_next/static/chunks/9e883_next_dist_compiled_react-dom_33d456f8._.js:8683:316)
    at commitPassiveMountOnFiber (http://localhost:3002/_next/static/chunks/9e883_next_dist_compiled_react-dom_33d456f8._.js:8695:17)
    at recursivelyTraversePassiveMountEffects (http://localhost:3002/_next/static/chunks/9e883_next_dist_compiled_react-dom_33d456f8._.js:8683:316)
    at commitPassiveMountOnFiber (http://localhost:3002/_next/static/chunks/9e883_next_dist_compiled_react-dom_33d456f8._.js:8700:17)
    at recursivelyTraversePassiveMountEffects (http://localhost:3002/_next/static/chunks/9e883_next_dist_compiled_react-dom_33d456f8._.js:8683:316)
    at commitPassiveMountOnFiber (http://localhost:3002/_next/static/chunks/9e883_next_dist_compiled_react-dom_33d456f8._.js:8695:17)
    at recursivelyTraversePassiveMountEffects (http://localhost:3002/_next/static/chunks/9e883_next_dist_compiled_react-dom_33d456f8._.js:8683:316)
    at commitPassiveMountOnFiber (http://localhost:3002/_next/static/chunks/9e883_next_dist_compiled_react-dom_33d456f8._.js:8695:17)
    at recursivelyTraversePassiveMountEffects (http://localhost:3002/_next/static/chunks/9e883_next_dist_compiled_react-dom_33d456f8._.js:8683:316)
    at commitPassiveMountOnFiber (http://localhost:3002/_next/static/chunks/9e883_next_dist_compiled_react-dom_33d456f8._.js:8757:17)
    at recursivelyTraversePassiveMountEffects (http://localhost:3002/_next/static/chunks/9e883_next_dist_compiled_react-dom_33d456f8._.js:8683:316)
    at commitPassiveMountOnFiber (http://localhost:3002/_next/static/chunks/9e883_next_dist_compiled_react-dom_33d456f8._.js:8757:17)
    at recursivelyTraversePassiveMountEffects (http://localhost:3002/_next/static/chunks/9e883_next_dist_compiled_react-dom_33d456f8._.js:8683:316)
    at commitPassiveMountOnFiber (http://localhost:3002/_next/static/chunks/9e883_next_dist_compiled_react-dom_33d456f8._.js:8695:17)
    at recursivelyTraversePassiveMountEffects (http://localhost:3002/_next/static/chunks/9e883_next_dist_compiled_react-dom_33d456f8._.js:8683:316)
    at commitPassiveMountOnFiber (http://localhost:3002/_next/static/chunks/9e883_next_dist_compiled_react-dom_33d456f8._.js:8695:17)
    at recursivelyTraversePassiveMountEffects (http://localhost:3002/_next/static/chunks/9e883_next_dist_compiled_react-dom_33d456f8._.js:8683:316)
    at commitPassiveMountOnFiber (http://localhost:3002/_next/static/chunks/9e883_next_dist_compiled_react-dom_33d456f8._.js:8757:17)
    at recursivelyTraversePassiveMountEffects (http://localhost:3002/_next/static/chunks/9e883_next_dist_compiled_react-dom_33d456f8._.js:8683:316)
    at commitPassiveMountOnFiber (http://localhost:3002/_next/static/chunks/9e883_next_dist_compiled_react-dom_33d456f8._.js:8757:17)
    at recursivelyTraversePassiveMountEffects (http://localhost:3002/_next/static/chunks/9e883_next_dist_compiled_react-dom_33d456f8._.js:8683:316)
[     879ms] [ERROR] Access to fetch at 'http://localhost:8000/api/peeps' from origin 'http://localhost:3002' has been blocked by CORS policy: Response to preflight request doesn't pass access control check: No 'Access-Control-Allow-Origin' header is present on the requested resource. @ http://localhost:3002/:0
[     879ms] [ERROR] Failed to load resource: net::ERR_FAILED @ http://localhost:8000/api/peeps:0
[     892ms] TypeError: Failed to fetch
    at fetchJSON (http://localhost:3002/_next/static/chunks/frontend_src_33446fd1._.js:12:23)
    at Object.listPeeps (http://localhost:3002/_next/static/chunks/frontend_src_33446fd1._.js:54:20)
    at Home.useEffect (http://localhost:3002/_next/static/chunks/frontend_src_33446fd1._.js:2223:151)
    at Object.react_stack_bottom_frame (http://localhost:3002/_next/static/chunks/9e883_next_dist_compiled_react-dom_33d456f8._.js:14876:22)
    at runWithFiberInDEV (http://localhost:3002/_next/static/chunks/9e883_next_dist_compiled_react-dom_33d456f8._.js:965:74)
    at commitHookEffectListMount (http://localhost:3002/_next/static/chunks/9e883_next_dist_compiled_react-dom_33d456f8._.js:7266:167)
    at commitHookPassiveMountEffects (http://localhost:3002/_next/static/chunks/9e883_next_dist_compiled_react-dom_33d456f8._.js:7301:60)
    at commitPassiveMountOnFiber (http://localhost:3002/_next/static/chunks/9e883_next_dist_compiled_react-dom_33d456f8._.js:8696:33)
    at recursivelyTraversePassiveMountEffects (http://localhost:3002/_next/static/chunks/9e883_next_dist_compiled_react-dom_33d456f8._.js:8683:316)
    at commitPassiveMountOnFiber (http://localhost:3002/_next/static/chunks/9e883_next_dist_compiled_react-dom_33d456f8._.js:8695:17)
    at recursivelyTraversePassiveMountEffects (http://localhost:3002/_next/static/chunks/9e883_next_dist_compiled_react-dom_33d456f8._.js:8683:316)
    at commitPassiveMountOnFiber (http://localhost:3002/_next/static/chunks/9e883_next_dist_compiled_react-dom_33d456f8._.js:8695:17)
    at recursivelyTraversePassiveMountEffects (http://localhost:3002/_next/static/chunks/9e883_next_dist_compiled_react-dom_33d456f8._.js:8683:316)
    at commitPassiveMountOnFiber (http://localhost:3002/_next/static/chunks/9e883_next_dist_compiled_react-dom_33d456f8._.js:8757:17)
    at recursivelyTraversePassiveMountEffects (http://localhost:3002/_next/static/chunks/9e883_next_dist_compiled_react-dom_33d456f8._.js:8683:316)
    at commitPassiveMountOnFiber (http://localhost:3002/_next/static/chunks/9e883_next_dist_compiled_react-dom_33d456f8._.js:8757:17)
    at recursivelyTraversePassiveMountEffects (http://localhost:3002/_next/static/chunks/9e883_next_dist_compiled_react-dom_33d456f8._.js:8683:316)
    at commitPassiveMountOnFiber (http://localhost:3002/_next/static/chunks/9e883_next_dist_compiled_react-dom_33d456f8._.js:8695:17)
    at recursivelyTraversePassiveMountEffects (http://localhost:3002/_next/static/chunks/9e883_next_dist_compiled_react-dom_33d456f8._.js:8683:316)
    at commitPassiveMountOnFiber (http://localhost:3002/_next/static/chunks/9e883_next_dist_compiled_react-dom_33d456f8._.js:8700:17)
    at recursivelyTraversePassiveMountEffects (http://localhost:3002/_next/static/chunks/9e883_next_dist_compiled_react-dom_33d456f8._.js:8683:316)
    at commitPassiveMountOnFiber (http://localhost:3002/_next/static/chunks/9e883_next_dist_compiled_react-dom_33d456f8._.js:8695:17)
    at recursivelyTraversePassiveMountEffects (http://localhost:3002/_next/static/chunks/9e883_next_dist_compiled_react-dom_33d456f8._.js:8683:316)
    at commitPassiveMountOnFiber (http://localhost:3002/_next/static/chunks/9e883_next_dist_compiled_react-dom_33d456f8._.js:8700:17)
    at recursivelyTraversePassiveMountEffects (http://localhost:3002/_next/static/chunks/9e883_next_dist_compiled_react-dom_33d456f8._.js:8683:316)
    at commitPassiveMountOnFiber (http://localhost:3002/_next/static/chunks/9e883_next_dist_compiled_react-dom_33d456f8._.js:8695:17)
    at recursivelyTraversePassiveMountEffects (http://localhost:3002/_next/static/chunks/9e883_next_dist_compiled_react-dom_33d456f8._.js:8683:316)
    at commitPassiveMountOnFiber (http://localhost:3002/_next/static/chunks/9e883_next_dist_compiled_react-dom_33d456f8._.js:8695:17)
    at recursivelyTraversePassiveMountEffects (http://localhost:3002/_next/static/chunks/9e883_next_dist_compiled_react-dom_33d456f8._.js:8683:316)
    at commitPassiveMountOnFiber (http://localhost:3002/_next/static/chunks/9e883_next_dist_compiled_react-dom_33d456f8._.js:8695:17)
    at recursivelyTraversePassiveMountEffects (http://localhost:3002/_next/static/chunks/9e883_next_dist_compiled_react-dom_33d456f8._.js:8683:316)
    at commitPassiveMountOnFiber (http://localhost:3002/_next/static/chunks/9e883_next_dist_compiled_react-dom_33d456f8._.js:8700:17)
    at recursivelyTraversePassiveMountEffects (http://localhost:3002/_next/static/chunks/9e883_next_dist_compiled_react-dom_33d456f8._.js:8683:316)
    at commitPassiveMountOnFiber (http://localhost:3002/_next/static/chunks/9e883_next_dist_compiled_react-dom_33d456f8._.js:8695:17)
    at recursivelyTraversePassiveMountEffects (http://localhost:3002/_next/static/chunks/9e883_next_dist_compiled_react-dom_33d456f8._.js:8683:316)
    at commitPassiveMountOnFiber (http://localhost:3002/_next/static/chunks/9e883_next_dist_compiled_react-dom_33d456f8._.js:8695:17)
    at recursivelyTraversePassiveMountEffects (http://localhost:3002/_next/static/chunks/9e883_next_dist_compiled_react-dom_33d456f8._.js:8683:316)
    at commitPassiveMountOnFiber (http://localhost:3002/_next/static/chunks/9e883_next_dist_compiled_react-dom_33d456f8._.js:8757:17)
    at recursivelyTraversePassiveMountEffects (http://localhost:3002/_next/static/chunks/9e883_next_dist_compiled_react-dom_33d456f8._.js:8683:316)
    at commitPassiveMountOnFiber (http://localhost:3002/_next/static/chunks/9e883_next_dist_compiled_react-dom_33d456f8._.js:8757:17)
    at recursivelyTraversePassiveMountEffects (http://localhost:3002/_next/static/chunks/9e883_next_dist_compiled_react-dom_33d456f8._.js:8683:316)
    at commitPassiveMountOnFiber (http://localhost:3002/_next/static/chunks/9e883_next_dist_compiled_react-dom_33d456f8._.js:8695:17)
    at recursivelyTraversePassiveMountEffects (http://localhost:3002/_next/static/chunks/9e883_next_dist_compiled_react-dom_33d456f8._.js:8683:316)
    at commitPassiveMountOnFiber (http://localhost:3002/_next/static/chunks/9e883_next_dist_compiled_react-dom_33d456f8._.js:8695:17)
    at recursivelyTraversePassiveMountEffects (http://localhost:3002/_next/static/chunks/9e883_next_dist_compiled_react-dom_33d456f8._.js:8683:316)
    at commitPassiveMountOnFiber (http://localhost:3002/_next/static/chunks/9e883_next_dist_compiled_react-dom_33d456f8._.js:8757:17)
    at recursivelyTraversePassiveMountEffects (http://localhost:3002/_next/static/chunks/9e883_next_dist_compiled_react-dom_33d456f8._.js:8683:316)
    at commitPassiveMountOnFiber (http://localhost:3002/_next/static/chunks/9e883_next_dist_compiled_react-dom_33d456f8._.js:8757:17)
    at recursivelyTraversePassiveMountEffects (http://localhost:3002/_next/static/chunks/9e883_next_dist_compiled_react-dom_33d456f8._.js:8683:316)
    at commitPassiveMountOnFiber (http://localhost:3002/_next/static/chunks/9e883_next_dist_compiled_react-dom_33d456f8._.js:8757:17)
