[  306379ms] ReferenceError: filterOpen is not defined
    at Board (http://localhost:3002/_next/static/chunks/frontend_src_a50c9d4e._.js?id=%255Bproject%255D%252Ffrontend%252Fsrc%252Fcomponents%252FBoard%252FBoard.tsx+%255Bapp-client%255D+%2528ecmascript%2529:49:9)
    at Object.react_stack_bottom_frame (http://localhost:3002/_next/static/chunks/9e883_next_dist_compiled_react-dom_33d456f8._.js:14826:24)
    at renderWithHooks (http://localhost:3002/_next/static/chunks/9e883_next_dist_compiled_react-dom_33d456f8._.js:4651:24)
    at updateFunctionComponent (http://localhost:3002/_next/static/chunks/9e883_next_dist_compiled_react-dom_33d456f8._.js:6112:21)
    at beginWork (http://localhost:3002/_next/static/chunks/9e883_next_dist_compiled_react-dom_33d456f8._.js:6708:24)
    at runWithFiberInDEV (http://localhost:3002/_next/static/chunks/9e883_next_dist_compiled_react-dom_33d456f8._.js:965:74)
    at performUnitOfWork (http://localhost:3002/_next/static/chunks/9e883_next_dist_compiled_react-dom_33d456f8._.js:9562:97)
    at workLoopSync (http://localhost:3002/_next/static/chunks/9e883_next_dist_compiled_react-dom_33d456f8._.js:9456:40)
    at renderRootSync (http://localhost:3002/_next/static/chunks/9e883_next_dist_compiled_react-dom_33d456f8._.js:9440:13)
    at performWorkOnRoot (http://localhost:3002/_next/static/chunks/9e883_next_dist_compiled_react-dom_33d456f8._.js:9105:47)
    at performSyncWorkOnRoot (http://localhost:3002/_next/static/chunks/9e883_next_dist_compiled_react-dom_33d456f8._.js:10238:9)
    at flushSyncWorkAcrossRoots_impl (http://localhost:3002/_next/static/chunks/9e883_next_dist_compiled_react-dom_33d456f8._.js:10154:316)
    at flushSyncWork$1 (http://localhost:3002/_next/static/chunks/9e883_next_dist_compiled_react-dom_33d456f8._.js:9237:86)
    at Object.scheduleRefresh (http://localhost:3002/_next/static/chunks/9e883_next_dist_compiled_react-dom_33d456f8._.js:299:13)
    at http://localhost:3002/_next/static/chunks/9e883_next_dist_compiled_8f5ebc08._.js:391:33
    at Set.forEach (<anonymous>)
    at Object.performReactRefresh (http://localhost:3002/_next/static/chunks/9e883_next_dist_compiled_8f5ebc08._.js:384:38)
    at applyUpdate (http://localhost:3002/_next/static/chunks/9e883_next_dist_compiled_8f5ebc08._.js:878:31)
    at http://localhost:3002/_next/static/chunks/9e883_next_dist_compiled_8f5ebc08._.js:886:13
[  312452ms] [WARNING] [Fast Refresh] performing full reload because your application had an unrecoverable error @ http://localhost:3002/_next/static/chunks/9e883_next_dist_e24ad472._.js:2297
[  312535ms] ReferenceError: filterRef is not defined
    at Board (http://localhost:3002/_next/static/chunks/frontend_src_a50c9d4e._.js?id=%255Bproject%255D%252Ffrontend%252Fsrc%252Fcomponents%252FBoard%252FBoard.tsx+%255Bapp-client%255D+%2528ecmascript%2529:167:26)
    at Object.react_stack_bottom_frame (http://localhost:3002/_next/static/chunks/9e883_next_dist_compiled_react-dom_33d456f8._.js:14826:24)
    at renderWithHooks (http://localhost:3002/_next/static/chunks/9e883_next_dist_compiled_react-dom_33d456f8._.js:4651:24)
    at updateFunctionComponent (http://localhost:3002/_next/static/chunks/9e883_next_dist_compiled_react-dom_33d456f8._.js:6112:21)
    at beginWork (http://localhost:3002/_next/static/chunks/9e883_next_dist_compiled_react-dom_33d456f8._.js:6708:24)
    at runWithFiberInDEV (http://localhost:3002/_next/static/chunks/9e883_next_dist_compiled_react-dom_33d456f8._.js:965:74)
    at performUnitOfWork (http://localhost:3002/_next/static/chunks/9e883_next_dist_compiled_react-dom_33d456f8._.js:9562:97)
    at workLoopSync (http://localhost:3002/_next/static/chunks/9e883_next_dist_compiled_react-dom_33d456f8._.js:9456:40)
    at renderRootSync (http://localhost:3002/_next/static/chunks/9e883_next_dist_compiled_react-dom_33d456f8._.js:9440:13)
    at performWorkOnRoot (http://localhost:3002/_next/static/chunks/9e883_next_dist_compiled_react-dom_33d456f8._.js:9105:47)
    at performWorkOnRootViaSchedulerTask (http://localhost:3002/_next/static/chunks/9e883_next_dist_compiled_react-dom_33d456f8._.js:10230:9)
    at MessagePort.performWorkUntilDeadline (http://localhost:3002/_next/static/chunks/9e883_next_dist_compiled_8f5ebc08._.js:2647:64)
[  312886ms] ReferenceError: filterRef is not defined
    at Board (http://localhost:3002/_next/static/chunks/frontend_src_a50c9d4e._.js:801:26)
    at Object.react_stack_bottom_frame (http://localhost:3002/_next/static/chunks/9e883_next_dist_compiled_react-dom_33d456f8._.js:14826:24)
    at renderWithHooks (http://localhost:3002/_next/static/chunks/9e883_next_dist_compiled_react-dom_33d456f8._.js:4651:24)
    at updateFunctionComponent (http://localhost:3002/_next/static/chunks/9e883_next_dist_compiled_react-dom_33d456f8._.js:6112:21)
    at beginWork (http://localhost:3002/_next/static/chunks/9e883_next_dist_compiled_react-dom_33d456f8._.js:6708:24)
    at runWithFiberInDEV (http://localhost:3002/_next/static/chunks/9e883_next_dist_compiled_react-dom_33d456f8._.js:965:74)
    at performUnitOfWork (http://localhost:3002/_next/static/chunks/9e883_next_dist_compiled_react-dom_33d456f8._.js:9562:97)
    at workLoopSync (http://localhost:3002/_next/static/chunks/9e883_next_dist_compiled_react-dom_33d456f8._.js:9456:40)
    at renderRootSync (http://localhost:3002/_next/static/chunks/9e883_next_dist_compiled_react-dom_33d456f8._.js:9440:13)
    at performWorkOnRoot (http://localhost:3002/_next/static/chunks/9e883_next_dist_compiled_react-dom_33d456f8._.js:9105:47)
    at performWorkOnRootViaSchedulerTask (http://localhost:3002/_next/static/chunks/9e883_next_dist_compiled_react-dom_33d456f8._.js:10230:9)
    at MessagePort.performWorkUntilDeadline (http://localhost:3002/_next/static/chunks/9e883_next_dist_compiled_8f5ebc08._.js:2647:64)
[  320988ms] [WARNING] [Fast Refresh] performing full reload because your application had an unrecoverable error @ http://localhost:3002/_next/static/chunks/9e883_next_dist_e24ad472._.js:2297
[  321247ms] ReferenceError: filterRef is not defined
    at Board (http://localhost:3002/_next/static/chunks/frontend_src_a50c9d4e._.js:786:26)
    at Object.react_stack_bottom_frame (http://localhost:3002/_next/static/chunks/9e883_next_dist_compiled_react-dom_33d456f8._.js:14826:24)
    at renderWithHooks (http://localhost:3002/_next/static/chunks/9e883_next_dist_compiled_react-dom_33d456f8._.js:4651:24)
    at updateFunctionComponent (http://localhost:3002/_next/static/chunks/9e883_next_dist_compiled_react-dom_33d456f8._.js:6112:21)
    at beginWork (http://localhost:3002/_next/static/chunks/9e883_next_dist_compiled_react-dom_33d456f8._.js:6708:24)
    at runWithFiberInDEV (http://localhost:3002/_next/static/chunks/9e883_next_dist_compiled_react-dom_33d456f8._.js:965:74)
    at performUnitOfWork (http://localhost:3002/_next/static/chunks/9e883_next_dist_compiled_react-dom_33d456f8._.js:9562:97)
    at workLoopSync (http://localhost:3002/_next/static/chunks/9e883_next_dist_compiled_react-dom_33d456f8._.js:9456:40)
    at renderRootSync (http://localhost:3002/_next/static/chunks/9e883_next_dist_compiled_react-dom_33d456f8._.js:9440:13)
    at performWorkOnRoot (http://localhost:3002/_next/static/chunks/9e883_next_dist_compiled_react-dom_33d456f8._.js:9105:47)
    at performWorkOnRootViaSchedulerTask (http://localhost:3002/_next/static/chunks/9e883_next_dist_compiled_react-dom_33d456f8._.js:10230:9)
    at MessagePort.performWorkUntilDeadline (http://localhost:3002/_next/static/chunks/9e883_next_dist_compiled_8f5ebc08._.js:2647:64)
[  337973ms] [WARNING] [Fast Refresh] performing full reload because your application had an unrecoverable error @ http://localhost:3002/_next/static/chunks/9e883_next_dist_e24ad472._.js:2297
